#
# There is insufficient memory for the Java Runtime Environment to continue.
# Native memory allocation (malloc) failed to allocate 1144016 bytes for Chunk::new
# Possible reasons:
#   The system is out of physical RAM or swap space
#   The process is running with CompressedOops enabled, and the Java Heap may be blocking the growth of the native heap
# Possible solutions:
#   Reduce memory load on the system
#   Increase physical memory or swap space
#   Check if swap backing store is full
#   Decrease Java heap size (-Xmx/-Xms)
#   Decrease number of Java threads
#   Decrease Java thread stack sizes (-Xss)
#   Set larger code cache with -XX:ReservedCodeCacheSize=
#   JVM is running with Unscaled Compressed Oops mode in which the Java heap is
#     placed in the first 4GB address space. The Java Heap base address is the
#     maximum limit for the native heap growth. Please use -XX:HeapBaseMinAddress
#     to set the Java Heap base and to place the Java Heap above 4GB virtual address.
# This output file may be truncated or incomplete.
#
#  Out of Memory Error (allocation.cpp:389), pid=34636, tid=0x0000000000007218
#
# JRE version: OpenJDK Runtime Environment (8.0_242-b01) (build 1.8.0_242-release-1644-b01)
# Java VM: OpenJDK 64-Bit Server VM (25.242-b01 mixed mode windows-amd64 compressed oops)
# Failed to write core dump. Minidumps are not enabled by default on client versions of Windows
#

---------------  T H R E A D  ---------------

Current thread (0x000000001952f800):  JavaThread "C2 CompilerThread0" daemon [_thread_in_native, id=29208, stack(0x0000000019e00000,0x0000000019f00000)]

Stack: [0x0000000019e00000,0x0000000019f00000]
[error occurred during error reporting (printing stack bounds), id 0xc0000005]

Native frames: (J=compiled Java code, j=interpreted, Vv=VM code, C=native code)


Current CompileTask:
C2:  31884 12837       4       org.gradle.internal.component.model.ComponentAttributeMatcher::isMatching (147 bytes)


---------------  P R O C E S S  ---------------

Java Threads: ( => current thread )
  0x000000001efaf000 JavaThread "ForkJoinPool-1-worker-0" daemon [_thread_blocked, id=21232, stack(0x0000000031f50000,0x0000000032050000)]
  0x000000001efab000 JavaThread "ForkJoinPool-1-worker-7" daemon [_thread_blocked, id=22452, stack(0x0000000031e50000,0x0000000031f50000)]
  0x000000001efac000 JavaThread "ForkJoinPool-1-worker-6" daemon [_thread_blocked, id=33048, stack(0x0000000031d50000,0x0000000031e50000)]
  0x000000001efac800 JavaThread "ForkJoinPool-1-worker-5" daemon [_thread_blocked, id=13020, stack(0x0000000031a50000,0x0000000031b50000)]
  0x000000001efaa800 JavaThread "ForkJoinPool-1-worker-4" daemon [_thread_blocked, id=32396, stack(0x0000000031950000,0x0000000031a50000)]
  0x000000001efa9800 JavaThread "ForkJoinPool-1-worker-3" daemon [_thread_blocked, id=22644, stack(0x0000000031850000,0x0000000031950000)]
  0x000000001efa0800 JavaThread "ForkJoinPool-1-worker-2" daemon [_thread_blocked, id=12500, stack(0x0000000031750000,0x0000000031850000)]
  0x000000001efa7800 JavaThread "ForkJoinPool-1-worker-1" daemon [_thread_blocked, id=38736, stack(0x0000000031650000,0x0000000031750000)]
  0x000000001efa1000 JavaThread "WorkerExecutor Queue Thread 9" [_thread_blocked, id=26940, stack(0x0000000030830000,0x0000000030930000)]
  0x000000001efa2000 JavaThread "WorkerExecutor Queue Thread 8" [_thread_blocked, id=32784, stack(0x0000000030730000,0x0000000030830000)]
  0x000000001efa6800 JavaThread "WorkerExecutor Queue Thread 7" [_thread_blocked, id=25840, stack(0x0000000030630000,0x0000000030730000)]
  0x000000001efa4000 JavaThread "WorkerExecutor Queue Thread 6" [_thread_blocked, id=9096, stack(0x0000000030530000,0x0000000030630000)]
  0x000000001efa5000 JavaThread "WorkerExecutor Queue Thread 5" [_thread_blocked, id=31668, stack(0x0000000030430000,0x0000000030530000)]
  0x000000001efa2800 JavaThread "WorkerExecutor Queue Thread 4" [_thread_blocked, id=18248, stack(0x000000002f2b0000,0x000000002f3b0000)]
  0x000000001efa3800 JavaThread "WorkerExecutor Queue Thread 3" [_thread_blocked, id=25732, stack(0x000000002f1b0000,0x000000002f2b0000)]
  0x000000001c346800 JavaThread "Cache worker for Java compile cache (C:\Users\Dell\AndroidStudioProjects\GasBookingApplication\.gradle\6.5\javaCompile)" [_thread_blocked, id=4632, stack(0x000000002e730000,0x000000002e830000)]
  0x000000001c345800 JavaThread "Cache worker for Java compile cache (C:\Users\Dell\.gradle\caches\6.5\javaCompile)" [_thread_blocked, id=29944, stack(0x000000002e330000,0x000000002e430000)]
  0x000000001c33c800 JavaThread "WorkerExecutor Queue Thread 2" [_thread_blocked, id=30376, stack(0x000000002e430000,0x000000002e530000)]
  0x000000001c342000 JavaThread "stdout" [_thread_in_native, id=19116, stack(0x000000002e030000,0x000000002e130000)]
  0x000000001c341000 JavaThread "stderr" [_thread_in_native, id=2932, stack(0x000000002df30000,0x000000002e030000)]
  0x000000001c33f800 JavaThread "pool-2-thread-1" [_thread_blocked, id=13764, stack(0x000000002de30000,0x000000002df30000)]
  0x000000001c340800 JavaThread "Cache worker for execution history cache (C:\Users\Dell\AndroidStudioProjects\GasBookingApplication\.gradle\6.5\executionHistory)" [_thread_blocked, id=24812, stack(0x000000002d930000,0x000000002da30000)]
  0x000000001c342800 JavaThread "Execution worker for ':' Thread 7" [_thread_blocked, id=35136, stack(0x000000002d830000,0x000000002d930000)]
  0x000000001c339800 JavaThread "Execution worker for ':' Thread 6" [_thread_blocked, id=6012, stack(0x000000002d730000,0x000000002d830000)]
  0x000000001c33f000 JavaThread "Execution worker for ':' Thread 5" [_thread_blocked, id=11888, stack(0x000000002d630000,0x000000002d730000)]
  0x000000001c337800 JavaThread "Execution worker for ':' Thread 4" [_thread_blocked, id=7696, stack(0x000000002d530000,0x000000002d630000)]
  0x000000001c33e000 JavaThread "Execution worker for ':' Thread 3" [_thread_blocked, id=27688, stack(0x000000002c170000,0x000000002c270000)]
  0x000000001c33c000 JavaThread "Execution worker for ':' Thread 2" [_thread_blocked, id=5368, stack(0x000000002c070000,0x000000002c170000)]
  0x000000001c33a800 JavaThread "Execution worker for ':'" [_thread_blocked, id=23728, stack(0x000000002bc80000,0x000000002bd80000)]
  0x000000001c33b000 JavaThread "Cache worker for file content cache (C:\Users\Dell\AndroidStudioProjects\GasBookingApplication\.gradle\6.5\fileContent)" [_thread_blocked, id=25584, stack(0x00000000297a0000,0x00000000298a0000)]
  0x000000001c339000 JavaThread "Memory manager" [_thread_blocked, id=37736, stack(0x0000000027560000,0x0000000027660000)]
  0x000000001c338000 JavaThread "Cache worker for Build Output Cleanup Cache (C:\Users\Dell\AndroidStudioProjects\GasBookingApplication\.gradle\buildOutputCleanup)" [_thread_blocked, id=9904, stack(0x00000000276d0000,0x00000000277d0000)]
  0x000000001fa01000 JavaThread "jar transforms Thread 94" [_thread_blocked, id=30848, stack(0x00000000296a0000,0x00000000297a0000)]
  0x000000001fa07800 JavaThread "jar transforms Thread 93" [_thread_blocked, id=32040, stack(0x00000000295a0000,0x00000000296a0000)]
  0x000000001fa07000 JavaThread "jar transforms Thread 92" [_thread_blocked, id=35124, stack(0x00000000294a0000,0x00000000295a0000)]
  0x000000001fa02800 JavaThread "jar transforms Thread 91" [_thread_blocked, id=39380, stack(0x00000000293a0000,0x00000000294a0000)]
  0x000000001fa06000 JavaThread "jar transforms Thread 90" [_thread_blocked, id=19112, stack(0x00000000292a0000,0x00000000293a0000)]
  0x000000001fa05800 JavaThread "jar transforms Thread 89" [_thread_blocked, id=16836, stack(0x00000000291a0000,0x00000000292a0000)]
  0x000000001fa04000 JavaThread "jar transforms Thread 88" [_thread_blocked, id=40100, stack(0x00000000290a0000,0x00000000291a0000)]
  0x000000001fa04800 JavaThread "jar transforms Thread 87" [_thread_blocked, id=30164, stack(0x0000000028fa0000,0x00000000290a0000)]
  0x000000001fa01800 JavaThread "jar transforms Thread 86" [_thread_blocked, id=32096, stack(0x0000000028ea0000,0x0000000028fa0000)]
  0x000000001fa03000 JavaThread "jar transforms Thread 85" [_thread_blocked, id=864, stack(0x0000000028da0000,0x0000000028ea0000)]
  0x000000001f9f9800 JavaThread "jar transforms Thread 84" [_thread_blocked, id=38800, stack(0x0000000028ca0000,0x0000000028da0000)]
  0x000000001fa00000 JavaThread "jar transforms Thread 83" [_thread_blocked, id=38696, stack(0x0000000028ba0000,0x0000000028ca0000)]
  0x000000001f9ff800 JavaThread "jar transforms Thread 82" [_thread_blocked, id=36476, stack(0x0000000028aa0000,0x0000000028ba0000)]
  0x000000001f9fe800 JavaThread "jar transforms Thread 81" [_thread_blocked, id=37872, stack(0x00000000289a0000,0x0000000028aa0000)]
  0x000000001f9fe000 JavaThread "jar transforms Thread 80" [_thread_blocked, id=13152, stack(0x00000000288a0000,0x00000000289a0000)]
  0x000000001f9fd000 JavaThread "jar transforms Thread 79" [_thread_blocked, id=34532, stack(0x00000000287a0000,0x00000000288a0000)]
  0x000000001f9fc800 JavaThread "jar transforms Thread 78" [_thread_blocked, id=34180, stack(0x00000000286a0000,0x00000000287a0000)]
  0x000000001f9fb000 JavaThread "jar transforms Thread 77" [_thread_blocked, id=26016, stack(0x00000000285a0000,0x00000000286a0000)]
  0x000000001f9fb800 JavaThread "jar transforms Thread 76" [_thread_blocked, id=32000, stack(0x00000000284a0000,0x00000000285a0000)]
  0x000000001f9fa000 JavaThread "jar transforms Thread 75" [_thread_blocked, id=14936, stack(0x00000000283a0000,0x00000000284a0000)]
  0x000000002004f000 JavaThread "jar transforms Thread 74" [_thread_blocked, id=31484, stack(0x00000000282a0000,0x00000000283a0000)]
  0x000000002004e800 JavaThread "jar transforms Thread 73" [_thread_blocked, id=30308, stack(0x00000000281a0000,0x00000000282a0000)]
  0x000000002004d800 JavaThread "jar transforms Thread 72" [_thread_blocked, id=29984, stack(0x00000000280a0000,0x00000000281a0000)]
  0x0000000020046000 JavaThread "jar transforms Thread 71" [_thread_blocked, id=39360, stack(0x0000000027fa0000,0x00000000280a0000)]
  0x000000002004d000 JavaThread "jar transforms Thread 70" [_thread_blocked, id=31396, stack(0x0000000027ea0000,0x0000000027fa0000)]
  0x000000002004a800 JavaThread "jar transforms Thread 69" [_thread_blocked, id=18696, stack(0x0000000027da0000,0x0000000027ea0000)]
  0x0000000020048800 JavaThread "jar transforms Thread 68" [_thread_blocked, id=33864, stack(0x0000000027ca0000,0x0000000027da0000)]
  0x0000000020045800 JavaThread "jar transforms Thread 67" [_thread_blocked, id=144, stack(0x0000000027ba0000,0x0000000027ca0000)]
  0x0000000020047800 JavaThread "jar transforms Thread 66" [_thread_blocked, id=35144, stack(0x0000000027aa0000,0x0000000027ba0000)]
  0x000000002004a000 JavaThread "jar transforms Thread 65" [_thread_blocked, id=42440, stack(0x00000000279a0000,0x0000000027aa0000)]
  0x0000000020047000 JavaThread "jar transforms Thread 64" [_thread_blocked, id=25928, stack(0x00000000278a0000,0x00000000279a0000)]
  0x000000002004c000 JavaThread "jar transforms Thread 63" [_thread_blocked, id=21924, stack(0x0000000027460000,0x0000000027560000)]
  0x000000002004b800 JavaThread "jar transforms Thread 62" [_thread_blocked, id=34852, stack(0x0000000027360000,0x0000000027460000)]
  0x0000000020049000 JavaThread "jar transforms Thread 61" [_thread_blocked, id=18528, stack(0x0000000027260000,0x0000000027360000)]
  0x0000000020040000 JavaThread "jar transforms Thread 60" [_thread_blocked, id=35168, stack(0x0000000027160000,0x0000000027260000)]
  0x0000000020043800 JavaThread "jar transforms Thread 59" [_thread_blocked, id=35556, stack(0x0000000027060000,0x0000000027160000)]
  0x0000000020041800 JavaThread "jar transforms Thread 58" [_thread_blocked, id=31004, stack(0x0000000026f60000,0x0000000027060000)]
  0x0000000020040800 JavaThread "jar transforms Thread 57" [_thread_blocked, id=34880, stack(0x0000000026e60000,0x0000000026f60000)]
  0x0000000020042000 JavaThread "jar transforms Thread 56" [_thread_blocked, id=28340, stack(0x0000000026d60000,0x0000000026e60000)]
  0x0000000020043000 JavaThread "jar transforms Thread 55" [_thread_blocked, id=40012, stack(0x0000000026c60000,0x0000000026d60000)]
  0x0000000020044800 JavaThread "jar transforms Thread 54" [_thread_blocked, id=38796, stack(0x0000000026b60000,0x0000000026c60000)]
  0x000000001ab66000 JavaThread "jar transforms Thread 53" [_thread_blocked, id=25172, stack(0x0000000026a60000,0x0000000026b60000)]
  0x000000001ab65800 JavaThread "jar transforms Thread 52" [_thread_blocked, id=38904, stack(0x0000000026960000,0x0000000026a60000)]
  0x000000001ab64800 JavaThread "jar transforms Thread 51" [_thread_blocked, id=32084, stack(0x0000000026860000,0x0000000026960000)]
  0x000000001ab64000 JavaThread "jar transforms Thread 50" [_thread_blocked, id=15800, stack(0x0000000026760000,0x0000000026860000)]
  0x000000001ab63000 JavaThread "jar transforms Thread 49" [_thread_blocked, id=14708, stack(0x0000000026660000,0x0000000026760000)]
  0x000000001ab62800 JavaThread "jar transforms Thread 48" [_thread_blocked, id=38536, stack(0x0000000026560000,0x0000000026660000)]
  0x000000001ab5b000 JavaThread "jar transforms Thread 47" [_thread_blocked, id=40768, stack(0x0000000026460000,0x0000000026560000)]
  0x000000001ab61800 JavaThread "jar transforms Thread 46" [_thread_blocked, id=14364, stack(0x0000000026360000,0x0000000026460000)]
  0x000000001ab5a000 JavaThread "jar transforms Thread 45" [_thread_blocked, id=9988, stack(0x0000000026260000,0x0000000026360000)]
  0x000000001ab61000 JavaThread "jar transforms Thread 44" [_thread_blocked, id=25856, stack(0x0000000026160000,0x0000000026260000)]
  0x000000001ab59800 JavaThread "jar transforms Thread 43" [_thread_blocked, id=7984, stack(0x0000000026060000,0x0000000026160000)]
  0x000000001ab60000 JavaThread "jar transforms Thread 42" [_thread_blocked, id=2528, stack(0x0000000025f60000,0x0000000026060000)]
  0x000000001ab58800 JavaThread "jar transforms Thread 41" [_thread_blocked, id=38480, stack(0x0000000025e60000,0x0000000025f60000)]
  0x000000001ab5e800 JavaThread "jar transforms Thread 40" [_thread_blocked, id=21916, stack(0x0000000025d60000,0x0000000025e60000)]
  0x000000001ab5e000 JavaThread "jar transforms Thread 39" [_thread_blocked, id=37124, stack(0x0000000025c60000,0x0000000025d60000)]
  0x000000001ab5d000 JavaThread "jar transforms Thread 38" [_thread_blocked, id=41044, stack(0x0000000025b60000,0x0000000025c60000)]
  0x000000001ab5f800 JavaThread "jar transforms Thread 37" [_thread_blocked, id=38544, stack(0x0000000025a60000,0x0000000025b60000)]
  0x000000001ab57000 JavaThread "jar transforms Thread 36" [_thread_blocked, id=39368, stack(0x0000000025960000,0x0000000025a60000)]
  0x000000001ab58000 JavaThread "jar transforms Thread 35" [_thread_blocked, id=41704, stack(0x0000000025860000,0x0000000025960000)]
  0x000000001ab5b800 JavaThread "jar transforms Thread 34" [_thread_blocked, id=5016, stack(0x0000000025760000,0x0000000025860000)]
  0x000000001ab5c800 JavaThread "jar transforms Thread 33" [_thread_blocked, id=26520, stack(0x0000000025660000,0x0000000025760000)]
  0x000000001c162800 JavaThread "jar transforms Thread 32" [_thread_blocked, id=30916, stack(0x0000000025560000,0x0000000025660000)]
  0x000000001c162000 JavaThread "jar transforms Thread 31" [_thread_blocked, id=30068, stack(0x0000000025460000,0x0000000025560000)]
  0x000000001c161000 JavaThread "jar transforms Thread 30" [_thread_blocked, id=28368, stack(0x0000000025360000,0x0000000025460000)]
  0x000000001c163800 JavaThread "jar transforms Thread 29" [_thread_blocked, id=40316, stack(0x0000000025260000,0x0000000025360000)]
  0x000000001c160800 JavaThread "jar transforms Thread 28" [_thread_blocked, id=40340, stack(0x0000000025160000,0x0000000025260000)]
  0x000000001c159000 JavaThread "jar transforms Thread 27" [_thread_blocked, id=26600, stack(0x0000000025060000,0x0000000025160000)]
  0x000000001c15f800 JavaThread "jar transforms Thread 26" [_thread_blocked, id=38740, stack(0x0000000024f60000,0x0000000025060000)]
  0x000000001c15f000 JavaThread "jar transforms Thread 25" [_thread_blocked, id=26536, stack(0x0000000024e60000,0x0000000024f60000)]
  0x000000001c157800 JavaThread "jar transforms Thread 24" [_thread_blocked, id=3788, stack(0x0000000024d60000,0x0000000024e60000)]
  0x000000001c15d800 JavaThread "jar transforms Thread 23" [_thread_blocked, id=17152, stack(0x0000000024c60000,0x0000000024d60000)]
  0x000000001c15c000 JavaThread "jar transforms Thread 22" [_thread_blocked, id=38344, stack(0x0000000024b60000,0x0000000024c60000)]
  0x000000001c158000 JavaThread "jar transforms Thread 21" [_thread_blocked, id=22024, stack(0x0000000024a60000,0x0000000024b60000)]
  0x000000001c15e000 JavaThread "jar transforms Thread 20" [_thread_blocked, id=33508, stack(0x0000000024960000,0x0000000024a60000)]
  0x000000001c15c800 JavaThread "jar transforms Thread 19" [_thread_blocked, id=26756, stack(0x0000000024860000,0x0000000024960000)]
  0x000000001c159800 JavaThread "jar transforms Thread 18" [_thread_blocked, id=9168, stack(0x0000000024760000,0x0000000024860000)]
  0x000000001c156800 JavaThread "jar transforms Thread 17" [_thread_blocked, id=30696, stack(0x0000000024660000,0x0000000024760000)]
  0x000000001c154800 JavaThread "jar transforms Thread 16" [_thread_blocked, id=5700, stack(0x0000000024560000,0x0000000024660000)]
  0x000000001c15b000 JavaThread "jar transforms Thread 15" [_thread_blocked, id=32320, stack(0x0000000024460000,0x0000000024560000)]
  0x000000001c155000 JavaThread "jar transforms Thread 14" [_thread_blocked, id=24972, stack(0x0000000024360000,0x0000000024460000)]
  0x000000001c15a800 JavaThread "jar transforms Thread 13" [_thread_blocked, id=5664, stack(0x0000000024260000,0x0000000024360000)]
  0x000000001c156000 JavaThread "jar transforms Thread 12" [_thread_blocked, id=22764, stack(0x0000000024160000,0x0000000024260000)]
  0x000000001ed42000 JavaThread "jar transforms Thread 11" [_thread_blocked, id=21040, stack(0x0000000024060000,0x0000000024160000)]
  0x000000001ed40800 JavaThread "jar transforms Thread 10" [_thread_blocked, id=15900, stack(0x0000000023f60000,0x0000000024060000)]
  0x000000001ed43800 JavaThread "jar transforms Thread 9" [_thread_blocked, id=31532, stack(0x0000000023e60000,0x0000000023f60000)]
  0x000000001ed43000 JavaThread "jar transforms Thread 8" [_thread_blocked, id=37944, stack(0x0000000023d60000,0x0000000023e60000)]
  0x000000001ed41800 JavaThread "jar transforms Thread 7" [_thread_blocked, id=25540, stack(0x0000000023c60000,0x0000000023d60000)]
  0x000000001ed3f000 JavaThread "jar transforms Thread 6" [_thread_blocked, id=9620, stack(0x0000000023b60000,0x0000000023c60000)]
  0x000000001ed40000 JavaThread "jar transforms Thread 5" [_thread_blocked, id=9328, stack(0x0000000023a60000,0x0000000023b60000)]
  0x000000001ed37800 JavaThread "jar transforms Thread 4" [_thread_blocked, id=10864, stack(0x0000000023960000,0x0000000023a60000)]
  0x000000001ed3e800 JavaThread "jar transforms Thread 3" [_thread_blocked, id=28060, stack(0x0000000023860000,0x0000000023960000)]
  0x000000001ed3d800 JavaThread "jar transforms Thread 2" [_thread_blocked, id=37088, stack(0x0000000023760000,0x0000000023860000)]
  0x000000001ed36000 JavaThread "Build operations Thread 8" [_thread_blocked, id=3400, stack(0x0000000023560000,0x0000000023660000)]
  0x000000001ed3a800 JavaThread "Build operations Thread 7" [_thread_blocked, id=36892, stack(0x0000000023460000,0x0000000023560000)]
  0x000000001ed3c000 JavaThread "Build operations Thread 6" [_thread_blocked, id=39872, stack(0x0000000023360000,0x0000000023460000)]
  0x000000001ed37000 JavaThread "Build operations Thread 5" [_thread_blocked, id=12096, stack(0x0000000023260000,0x0000000023360000)]
  0x000000001ed3d000 JavaThread "Build operations Thread 4" [_thread_blocked, id=18120, stack(0x0000000023160000,0x0000000023260000)]
  0x000000001ed34800 JavaThread "Build operations Thread 3" [_thread_blocked, id=37464, stack(0x0000000023060000,0x0000000023160000)]
  0x000000001ed35800 JavaThread "Build operations Thread 2" [_thread_blocked, id=35036, stack(0x0000000022f60000,0x0000000023060000)]
  0x000000001ed39000 JavaThread "Build operations" [_thread_blocked, id=18444, stack(0x0000000022e60000,0x0000000022f60000)]
  0x000000001c210800 JavaThread "Cache worker for file content cache (C:\Users\Dell\.gradle\caches\6.5\fileContent)" [_thread_blocked, id=8856, stack(0x0000000022760000,0x0000000022860000)]
  0x000000001c210000 JavaThread "jar transforms" [_thread_blocked, id=22400, stack(0x0000000022660000,0x0000000022760000)]
  0x000000001c20f000 JavaThread "Cache worker for execution history cache (C:\Users\Dell\.gradle\caches\6.5\executionHistory)" [_thread_blocked, id=16120, stack(0x0000000021f60000,0x0000000022060000)]
  0x000000001c20d800 JavaThread "Cache worker for cache directory md-rule (C:\Users\Dell\.gradle\caches\6.5\md-rule)" [_thread_blocked, id=18380, stack(0x0000000021e60000,0x0000000021f60000)]
  0x000000001c20d000 JavaThread "Cache worker for cache directory md-supplier (C:\Users\Dell\.gradle\caches\6.5\md-supplier)" [_thread_blocked, id=25580, stack(0x0000000020b10000,0x0000000020c10000)]
  0x000000001c20c000 JavaThread "Cache worker for checksums cache (C:\Users\Dell\AndroidStudioProjects\GasBookingApplication\.gradle\checksums)" [_thread_blocked, id=19532, stack(0x0000000020810000,0x0000000020910000)]
  0x000000001c211800 JavaThread "Cache worker for file hash cache (C:\Users\Dell\AndroidStudioProjects\GasBookingApplication\.gradle\6.5\fileHashes)" [_thread_blocked, id=23536, stack(0x000000001f6f0000,0x000000001f7f0000)]
  0x000000001c20b800 JavaThread "Cache worker for file hash cache (C:\Users\Dell\.gradle\caches\6.5\fileHashes)" [_thread_blocked, id=22632, stack(0x000000001e420000,0x000000001e520000)]
  0x000000001c20e800 JavaThread "File lock request listener" [_thread_in_native, id=23332, stack(0x000000001e320000,0x000000001e420000)]
  0x000000001a6cf800 JavaThread "Cache worker for journal cache (C:\Users\Dell\.gradle\caches\journal-1)" [_thread_blocked, id=14532, stack(0x000000001e220000,0x000000001e320000)]
  0x000000001a461000 JavaThread "Thread-9" [_thread_blocked, id=21896, stack(0x000000001df20000,0x000000001e020000)]
  0x000000001c033800 JavaThread "Stdin handler" [_thread_blocked, id=28168, stack(0x000000001de20000,0x000000001df20000)]
  0x000000001c033000 JavaThread "Asynchronous log dispatcher for DefaultDaemonConnection: socket connection from /127.0.0.1:65403 to /127.0.0.1:65404" [_thread_blocked, id=19712, stack(0x000000001dd20000,0x000000001de20000)]
  0x000000001c029000 JavaThread "Daemon worker" [_thread_blocked, id=24036, stack(0x000000001dc20000,0x000000001dd20000)]
  0x000000001c05f000 JavaThread "Cancel handler" [_thread_blocked, id=24500, stack(0x000000001db20000,0x000000001dc20000)]
  0x000000001bbc7000 JavaThread "Handler for socket connection from /127.0.0.1:65403 to /127.0.0.1:65404" [_thread_in_native, id=1136, stack(0x000000001d820000,0x000000001d920000)]
  0x000000001bffa800 JavaThread "Daemon" [_thread_blocked, id=17836, stack(0x000000001d720000,0x000000001d820000)]
  0x000000001bff3800 JavaThread "Daemon periodic checks" [_thread_blocked, id=39400, stack(0x000000001d620000,0x000000001d720000)]
  0x000000001bee6000 JavaThread "Incoming local TCP Connector on port 65403" [_thread_in_native, id=33420, stack(0x000000001d3e0000,0x000000001d4e0000)]
  0x000000001bf82800 JavaThread "Daemon health stats" [_thread_blocked, id=30840, stack(0x000000001cda0000,0x000000001cea0000)]
  0x0000000019568000 JavaThread "Service Thread" daemon [_thread_blocked, id=23340, stack(0x000000001a200000,0x000000001a300000)]
  0x000000001953f800 JavaThread "C1 CompilerThread3" daemon [_thread_blocked, id=25716, stack(0x000000001a100000,0x000000001a200000)]
  0x0000000019539000 JavaThread "C2 CompilerThread2" daemon [_thread_in_native, id=28392, stack(0x000000001a000000,0x000000001a100000)]
  0x0000000019536800 JavaThread "C2 CompilerThread1" daemon [_thread_in_native, id=35608, stack(0x0000000019f00000,0x000000001a000000)]
=>0x000000001952f800 JavaThread "C2 CompilerThread0" daemon [_thread_in_native, id=29208, stack(0x0000000019e00000,0x0000000019f00000)]
  0x000000001952f000 JavaThread "Attach Listener" daemon [_thread_blocked, id=40448, stack(0x0000000019d00000,0x0000000019e00000)]
  0x000000001952e000 JavaThread "Signal Dispatcher" daemon [_thread_blocked, id=31784, stack(0x0000000019c00000,0x0000000019d00000)]
  0x0000000019521000 JavaThread "Finalizer" daemon [_thread_blocked, id=24716, stack(0x0000000019a00000,0x0000000019b00000)]
  0x0000000019520800 JavaThread "Reference Handler" daemon [_thread_blocked, id=23652, stack(0x0000000019900000,0x0000000019a00000)]
  0x00000000024ae000 JavaThread "main" [_thread_blocked, id=29104, stack(0x00000000024b0000,0x00000000025b0000)]

Other Threads:
  0x0000000017718000 VMThread [stack: 0x0000000019400000,0x0000000019500000] [id=6808]
  0x0000000019568800 WatcherThread [stack: 0x000000001a300000,0x000000001a400000] [id=17624]

VM state:at safepoint (normal execution)

VM Mutex/Monitor currently owned by a thread:  ([mutex/lock_event])
[0x00000000024acc60] Threads_lock - owner thread: 0x0000000017718000

heap address: 0x0000000080000000, size: 2048 MB, Compressed Oops mode: 32-bit
Narrow klass base: 0x0000000000000000, Narrow klass shift: 3
Compressed class space size: 1073741824 Address: 0x0000000100000000

Heap:
 PSYoungGen      total 311808K, used 40031K [0x00000000d5580000, 0x00000000edc00000, 0x0000000100000000)
  eden space 275968K, 14% used [0x00000000d5580000,0x00000000d7c97cb0,0x00000000e6300000)
  from space 35840K, 0% used [0x00000000eb900000,0x00000000eb900000,0x00000000edc00000)
  to   space 26624K, 0% used [0x00000000e6300000,0x00000000e6300000,0x00000000e7d00000)
 ParOldGen       total 113664K, used 105202K [0x0000000080000000, 0x0000000086f00000, 0x00000000d5580000)
  object space 113664K, 92% used [0x0000000080000000,0x00000000866bc860,0x0000000086f00000)
 Metaspace       used 86459K, capacity 90880K, committed 94488K, reserved 1130496K
  class space    used 11773K, capacity 12620K, committed 13616K, reserved 1048576K

Card table byte_map: [0x0000000011a70000,0x0000000011e80000] byte_map_base: 0x0000000011670000

Marking Bits: (ParMarkBitMap*) 0x0000000071ccf030
 Begin Bits: [0x0000000012930000, 0x0000000014930000)
 End Bits:   [0x0000000014930000, 0x0000000016930000)

Polling page: 0x0000000000ba0000

CodeCache: size=245760Kb used=34088Kb max_used=34651Kb free=211671Kb
 bounds [0x00000000026b0000, 0x00000000048b0000, 0x00000000116b0000]
 total_blobs=11888 nmethods=11025 adapters=774
 compilation: enabled

Compilation events (10 events):
Event: 30.861 Thread 0x0000000019536800 nmethod 12955 0x00000000047a41d0 code [0x00000000047a4320, 0x00000000047a4af8]
Event: 30.861 Thread 0x0000000019536800 12967   !   4       java.util.concurrent.ConcurrentHashMap::putVal (362 bytes)
Event: 30.871 Thread 0x000000001953f800 12977 % !   3       java.util.concurrent.ConcurrentHashMap::transfer @ 376 (832 bytes)
Event: 30.875 Thread 0x000000001953f800 nmethod 12977% 0x00000000047a4dd0 code [0x00000000047a5120, 0x00000000047a7ac8]
Event: 30.887 Thread 0x000000001953f800 12978       3       com.android.tools.r8.q.a.b.m.a::a (159 bytes)
Event: 30.888 Thread 0x000000001953f800 nmethod 12978 0x00000000047a23d0 code [0x00000000047a2560, 0x00000000047a2b38]
Event: 30.888 Thread 0x0000000019536800 nmethod 12967 0x00000000047abb90 code [0x00000000047abd60, 0x00000000047acba0]
Event: 30.888 Thread 0x0000000019536800 12898       4       com.android.tools.r8.q.a.b.m.a::b (653 bytes)
Event: 30.930 Thread 0x000000001953f800 12981       3       com.android.tools.r8.t.a.a.a.f.X::d (188 bytes)
Event: 30.932 Thread 0x000000001953f800 nmethod 12981 0x00000000047a0dd0 code [0x00000000047a1000, 0x00000000047a1bc8]

GC Heap History (10 events):
Event: 9.486 GC heap before
{Heap before GC invocations=14 (full 2):
 PSYoungGen      total 194048K, used 66217K [0x00000000d5580000, 0x00000000e5c80000, 0x0000000100000000)
  eden space 180736K, 29% used [0x00000000d5580000,0x00000000d8932130,0x00000000e0600000)
  from space 13312K, 99% used [0x00000000e0600000,0x00000000e12f84a8,0x00000000e1300000)
  to   space 20480K, 0% used [0x00000000e4880000,0x00000000e4880000,0x00000000e5c80000)
 ParOldGen       total 73216K, used 31274K [0x0000000080000000, 0x0000000084780000, 0x00000000d5580000)
  object space 73216K, 42% used [0x0000000080000000,0x0000000081e8aa90,0x0000000084780000)
 Metaspace       used 56520K, capacity 58958K, committed 59160K, reserved 1099776K
  class space    used 7732K, capacity 8218K, committed 8240K, reserved 1048576K
Event: 9.505 GC heap after
Heap after GC invocations=14 (full 2):
 PSYoungGen      total 249344K, used 4666K [0x00000000d5580000, 0x00000000e6600000, 0x0000000100000000)
  eden space 228864K, 0% used [0x00000000d5580000,0x00000000d5580000,0x00000000e3500000)
  from space 20480K, 22% used [0x00000000e4880000,0x00000000e4d0e8b0,0x00000000e5c80000)
  to   space 19968K, 0% used [0x00000000e3500000,0x00000000e3500000,0x00000000e4880000)
 ParOldGen       total 73216K, used 42356K [0x0000000080000000, 0x0000000084780000, 0x00000000d5580000)
  object space 73216K, 57% used [0x0000000080000000,0x000000008295d280,0x0000000084780000)
 Metaspace       used 56520K, capacity 58958K, committed 59160K, reserved 1099776K
  class space    used 7732K, capacity 8218K, committed 8240K, reserved 1048576K
}
Event: 9.505 GC heap before
{Heap before GC invocations=15 (full 3):
 PSYoungGen      total 249344K, used 4666K [0x00000000d5580000, 0x00000000e6600000, 0x0000000100000000)
  eden space 228864K, 0% used [0x00000000d5580000,0x00000000d5580000,0x00000000e3500000)
  from space 20480K, 22% used [0x00000000e4880000,0x00000000e4d0e8b0,0x00000000e5c80000)
  to   space 19968K, 0% used [0x00000000e3500000,0x00000000e3500000,0x00000000e4880000)
 ParOldGen       total 73216K, used 42356K [0x0000000080000000, 0x0000000084780000, 0x00000000d5580000)
  object space 73216K, 57% used [0x0000000080000000,0x000000008295d280,0x0000000084780000)
 Metaspace       used 56520K, capacity 58958K, committed 59160K, reserved 1099776K
  class space    used 7732K, capacity 8218K, committed 8240K, reserved 1048576K
Event: 9.766 GC heap after
Heap after GC invocations=15 (full 3):
 PSYoungGen      total 249344K, used 0K [0x00000000d5580000, 0x00000000e6600000, 0x0000000100000000)
  eden space 228864K, 0% used [0x00000000d5580000,0x00000000d5580000,0x00000000e3500000)
  from space 20480K, 0% used [0x00000000e4880000,0x00000000e4880000,0x00000000e5c80000)
  to   space 19968K, 0% used [0x00000000e3500000,0x00000000e3500000,0x00000000e4880000)
 ParOldGen       total 113664K, used 33422K [0x0000000080000000, 0x0000000086f00000, 0x00000000d5580000)
  object space 113664K, 29% used [0x0000000080000000,0x00000000820a3a28,0x0000000086f00000)
 Metaspace       used 56473K, capacity 58796K, committed 59160K, reserved 1099776K
  class space    used 7717K, capacity 8191K, committed 8240K, reserved 1048576K
}
Event: 13.376 GC heap before
{Heap before GC invocations=16 (full 3):
 PSYoungGen      total 249344K, used 228864K [0x00000000d5580000, 0x00000000e6600000, 0x0000000100000000)
  eden space 228864K, 100% used [0x00000000d5580000,0x00000000e3500000,0x00000000e3500000)
  from space 20480K, 0% used [0x00000000e4880000,0x00000000e4880000,0x00000000e5c80000)
  to   space 19968K, 0% used [0x00000000e3500000,0x00000000e3500000,0x00000000e4880000)
 ParOldGen       total 113664K, used 33422K [0x0000000080000000, 0x0000000086f00000, 0x00000000d5580000)
  object space 113664K, 29% used [0x0000000080000000,0x00000000820a3a28,0x0000000086f00000)
 Metaspace       used 64837K, capacity 68086K, committed 68248K, reserved 1107968K
  class space    used 8958K, capacity 9566K, committed 9648K, reserved 1048576K
Event: 13.395 GC heap after
Heap after GC invocations=16 (full 3):
 PSYoungGen      total 248832K, used 19547K [0x00000000d5580000, 0x00000000e9700000, 0x0000000100000000)
  eden space 228864K, 0% used [0x00000000d5580000,0x00000000d5580000,0x00000000e3500000)
  from space 19968K, 97% used [0x00000000e3500000,0x00000000e4816d88,0x00000000e4880000)
  to   space 23040K, 0% used [0x00000000e8080000,0x00000000e8080000,0x00000000e9700000)
 ParOldGen       total 113664K, used 33430K [0x0000000080000000, 0x0000000086f00000, 0x00000000d5580000)
  object space 113664K, 29% used [0x0000000080000000,0x00000000820a5a28,0x0000000086f00000)
 Metaspace       used 64837K, capacity 68086K, committed 68248K, reserved 1107968K
  class space    used 8958K, capacity 9566K, committed 9648K, reserved 1048576K
}
Event: 24.686 GC heap before
{Heap before GC invocations=17 (full 3):
 PSYoungGen      total 248832K, used 248352K [0x00000000d5580000, 0x00000000e9700000, 0x0000000100000000)
  eden space 228864K, 99% used [0x00000000d5580000,0x00000000e34f12e0,0x00000000e3500000)
  from space 19968K, 97% used [0x00000000e3500000,0x00000000e4816d88,0x00000000e4880000)
  to   space 23040K, 0% used [0x00000000e8080000,0x00000000e8080000,0x00000000e9700000)
 ParOldGen       total 113664K, used 33430K [0x0000000080000000, 0x0000000086f00000, 0x00000000d5580000)
  object space 113664K, 29% used [0x0000000080000000,0x00000000820a5a28,0x0000000086f00000)
 Metaspace       used 72608K, capacity 76208K, committed 76440K, reserved 1116160K
  class space    used 9957K, capacity 10640K, committed 10672K, reserved 1048576K
Event: 24.718 GC heap after
Heap after GC invocations=17 (full 3):
 PSYoungGen      total 298496K, used 22817K [0x00000000d5580000, 0x00000000e9700000, 0x0000000100000000)
  eden space 275456K, 0% used [0x00000000d5580000,0x00000000d5580000,0x00000000e6280000)
  from space 23040K, 99% used [0x00000000e8080000,0x00000000e96c8550,0x00000000e9700000)
  to   space 26624K, 0% used [0x00000000e6300000,0x00000000e6300000,0x00000000e7d00000)
 ParOldGen       total 113664K, used 33438K [0x0000000080000000, 0x0000000086f00000, 0x00000000d5580000)
  object space 113664K, 29% used [0x0000000080000000,0x00000000820a7a28,0x0000000086f00000)
 Metaspace       used 72608K, capacity 76208K, committed 76440K, reserved 1116160K
  class space    used 9957K, capacity 10640K, committed 10672K, reserved 1048576K
}
Event: 28.929 GC heap before
{Heap before GC invocations=18 (full 3):
 PSYoungGen      total 298496K, used 298273K [0x00000000d5580000, 0x00000000e9700000, 0x0000000100000000)
  eden space 275456K, 100% used [0x00000000d5580000,0x00000000e6280000,0x00000000e6280000)
  from space 23040K, 99% used [0x00000000e8080000,0x00000000e96c8550,0x00000000e9700000)
  to   space 26624K, 0% used [0x00000000e6300000,0x00000000e6300000,0x00000000e7d00000)
 ParOldGen       total 113664K, used 33438K [0x0000000080000000, 0x0000000086f00000, 0x00000000d5580000)
  object space 113664K, 29% used [0x0000000080000000,0x00000000820a7a28,0x0000000086f00000)
 Metaspace       used 78968K, capacity 83216K, committed 83480K, reserved 1122304K
  class space    used 10765K, capacity 11510K, committed 11568K, reserved 1048576K
Event: 28.990 GC heap after
Heap after GC invocations=18 (full 3):
 PSYoungGen      total 302592K, used 26596K [0x00000000d5580000, 0x00000000edc00000, 0x0000000100000000)
  eden space 275968K, 0% used [0x00000000d5580000,0x00000000d5580000,0x00000000e6300000)
  from space 26624K, 99% used [0x00000000e6300000,0x00000000e7cf9310,0x00000000e7d00000)
  to   space 35840K, 0% used [0x00000000eb900000,0x00000000eb900000,0x00000000edc00000)
 ParOldGen       total 113664K, used 47368K [0x0000000080000000, 0x0000000086f00000, 0x00000000d5580000)
  object space 113664K, 41% used [0x0000000080000000,0x0000000082e42350,0x0000000086f00000)
 Metaspace       used 78968K, capacity 83216K, committed 83480K, reserved 1122304K
  class space    used 10765K, capacity 11510K, committed 11568K, reserved 1048576K
}

Deoptimization events (10 events):
Event: 30.810 Thread 0x000000001efa4000 Uncommon trap: reason=bimorphic action=maybe_recompile pc=0x0000000002bb9e7c method=java.util.regex.Pattern$Slice.match(Ljava/util/regex/Matcher;ILjava/lang/CharSequence;)Z @ 75
Event: 30.810 Thread 0x000000001efa4000 Uncommon trap: reason=bimorphic action=maybe_recompile pc=0x0000000002bb9e7c method=java.util.regex.Pattern$Slice.match(Ljava/util/regex/Matcher;ILjava/lang/CharSequence;)Z @ 75
Event: 30.810 Thread 0x000000001efa4000 Uncommon trap: reason=unstable_if action=reinterpret pc=0x0000000002bb9e5c method=java.util.regex.Matcher.match(II)Z @ 30
Event: 30.810 Thread 0x000000001efa4000 Uncommon trap: reason=bimorphic action=maybe_recompile pc=0x0000000002ba93b4 method=java.util.regex.Pattern$Slice.match(Ljava/util/regex/Matcher;ILjava/lang/CharSequence;)Z @ 75
Event: 30.810 Thread 0x000000001efa4000 Uncommon trap: reason=bimorphic action=maybe_recompile pc=0x0000000002ba93b4 method=java.util.regex.Pattern$Slice.match(Ljava/util/regex/Matcher;ILjava/lang/CharSequence;)Z @ 75
Event: 30.810 Thread 0x000000001efa4000 Uncommon trap: reason=unstable_if action=reinterpret pc=0x00000000037d1d20 method=java.util.regex.Pattern$LastNode.match(Ljava/util/regex/Matcher;ILjava/lang/CharSequence;)Z @ 13
Event: 30.811 Thread 0x000000001efa4000 Uncommon trap: reason=unstable_if action=reinterpret pc=0x0000000003461794 method=java.util.regex.Pattern.newSlice([IIZ)Ljava/util/regex/Pattern$Node; @ 10
Event: 30.832 Thread 0x000000001c33c800 Uncommon trap: reason=unstable_if action=reinterpret pc=0x00000000040b4fe8 method=java.util.concurrent.ConcurrentHashMap.putVal(Ljava/lang/Object;Ljava/lang/Object;Z)Ljava/lang/Object; @ 331
Event: 30.871 Thread 0x000000001c33c800 Uncommon trap: reason=unstable_if action=reinterpret pc=0x0000000002b8763c method=java.util.concurrent.ConcurrentHashMap.transfer([Ljava/util/concurrent/ConcurrentHashMap$Node;[Ljava/util/concurrent/ConcurrentHashMap$Node;)V @ 356
Event: 30.924 Thread 0x000000001efa4000 Uncommon trap: reason=unstable_if action=reinterpret pc=0x0000000003df704c method=sun.nio.fs.WindowsPathParser.nextNonSlash(Ljava/lang/String;II)I @ 2

Classes redefined (0 events):
No events

Internal exceptions (10 events):
Event: 29.950 Thread 0x000000001efa3800 Exception <a 'sun/nio/fs/WindowsException'> (0x00000000daf4e338) thrown at [C:\src\AOSP-openjdk-git\hotspot\src\share\vm\prims\jni.cpp, line 710]
Event: 29.955 Thread 0x000000001efa3800 Exception <a 'sun/nio/fs/WindowsException'> (0x00000000daf554e8) thrown at [C:\src\AOSP-openjdk-git\hotspot\src\share\vm\prims\jni.cpp, line 710]
Event: 29.958 Thread 0x000000001efa3800 Exception <a 'sun/nio/fs/WindowsException'> (0x00000000daf5bb00) thrown at [C:\src\AOSP-openjdk-git\hotspot\src\share\vm\prims\jni.cpp, line 710]
Event: 29.961 Thread 0x000000001efa3800 Exception <a 'sun/nio/fs/WindowsException'> (0x00000000daf63238) thrown at [C:\src\AOSP-openjdk-git\hotspot\src\share\vm\prims\jni.cpp, line 710]
Event: 30.551 Thread 0x000000001c33a800 Exception <a 'java/lang/NoSuchMethodError': <clinit>> (0x00000000dfaf9178) thrown at [C:\src\AOSP-openjdk-git\hotspot\src\share\vm\prims\jni.cpp, line 1615]
Event: 30.659 Thread 0x000000001c33c800 Exception <a 'sun/nio/fs/WindowsException'> (0x00000000e0556420) thrown at [C:\src\AOSP-openjdk-git\hotspot\src\share\vm\prims\jni.cpp, line 710]
Event: 30.757 Thread 0x000000001c342800 Exception <a 'java/lang/NoSuchMethodError': <clinit>> (0x00000000e223a408) thrown at [C:\src\AOSP-openjdk-git\hotspot\src\share\vm\prims\jni.cpp, line 1615]
Event: 30.766 Thread 0x000000001c342800 Exception <a 'java/lang/NoSuchMethodError': <clinit>> (0x00000000e22f18c8) thrown at [C:\src\AOSP-openjdk-git\hotspot\src\share\vm\prims\jni.cpp, line 1615]
Event: 30.782 Thread 0x000000001efa4000 Exception <a 'java/lang/NoSuchMethodError': java.lang.Object.lambda$asRunnable$0(Lcom/android/tools/build/apkzlib/utils/IOExceptionRunnable;)V> (0x00000000e2546c18) thrown at [C:\src\AOSP-openjdk-git\hotspot\src\share\vm\interpreter\linkResolver.cpp, line
Event: 30.906 Thread 0x000000001efa4000 Exception <a 'java/lang/NoSuchMethodError': java.lang.Object.newSystemTemporaryDirectory()Lcom/android/tools/build/apkzlib/bytestorage/TemporaryDirectory;> (0x00000000e3c536f0) thrown at [C:\src\AOSP-openjdk-git\hotspot\src\share\vm\interpreter\linkResolv

Events (10 events):
Event: 30.927 loading class com/android/tools/build/apkzlib/zip/VerifyLogs$1
Event: 30.927 loading class com/android/tools/build/apkzlib/zip/VerifyLogs$1 done
Event: 30.928 loading class com/android/tools/build/apkzlib/zip/ZipFileState
Event: 30.928 loading class com/android/tools/build/apkzlib/zip/ZipFileState done
Event: 30.929 loading class com/android/tools/build/apkzlib/zip/Eocd
Event: 30.929 loading class com/android/tools/build/apkzlib/zip/Eocd done
Event: 30.931 loading class com/android/tools/build/apkzlib/zip/ZipField$F4
Event: 30.931 loading class com/android/tools/build/apkzlib/zip/ZipField$F4 done
Event: 30.931 loading class com/android/tools/build/apkzlib/zip/ZipField
Event: 30.931 loading class com/android/tools/build/apkzlib/zip/ZipField done


Dynamic libraries:
0x00007ff7bf6c0000 - 0x00007ff7bf6f1000 	C:\Program Files\Android\Android Studio\jre\bin\java.exe
0x00007ffa67350000 - 0x00007ffa67545000 	C:\WINDOWS\SYSTEM32\ntdll.dll
0x00007ffa65980000 - 0x00007ffa65a3d000 	C:\WINDOWS\System32\KERNEL32.DLL
0x00007ffa64b10000 - 0x00007ffa64dd9000 	C:\WINDOWS\System32\KERNELBASE.dll
0x00007ffa66e30000 - 0x00007ffa66edc000 	C:\WINDOWS\System32\ADVAPI32.dll
0x00007ffa66d90000 - 0x00007ffa66e2e000 	C:\WINDOWS\System32\msvcrt.dll
0x00007ffa668e0000 - 0x00007ffa6697c000 	C:\WINDOWS\System32\sechost.dll
0x00007ffa66740000 - 0x00007ffa6686b000 	C:\WINDOWS\System32\RPCRT4.dll
0x00007ffa670a0000 - 0x00007ffa67240000 	C:\WINDOWS\System32\USER32.dll
0x00007ffa651a0000 - 0x00007ffa651c2000 	C:\WINDOWS\System32\win32u.dll
0x00007ffa658f0000 - 0x00007ffa6591a000 	C:\WINDOWS\System32\GDI32.dll
0x00007ffa64de0000 - 0x00007ffa64eeb000 	C:\WINDOWS\System32\gdi32full.dll
0x00007ffa65100000 - 0x00007ffa6519d000 	C:\WINDOWS\System32\msvcp_win.dll
0x00007ffa65280000 - 0x00007ffa65380000 	C:\WINDOWS\System32\ucrtbase.dll
0x00007ffa63d60000 - 0x00007ffa63ffa000 	C:\WINDOWS\WinSxS\amd64_microsoft.windows.common-controls_6595b64144ccf1df_6.0.19041.844_none_ca00b6081b84eb1d\COMCTL32.dll
0x00007ffa66fc0000 - 0x00007ffa66ff0000 	C:\WINDOWS\System32\IMM32.DLL
0x0000000073bf0000 - 0x0000000073cc2000 	C:\Program Files\Android\Android Studio\jre\jre\bin\msvcr100.dll
0x0000000071500000 - 0x0000000071d4b000 	C:\Program Files\Android\Android Studio\jre\jre\bin\server\jvm.dll
0x00007ffa65eb0000 - 0x00007ffa65eb8000 	C:\WINDOWS\System32\PSAPI.DLL
0x00007ffa5cff0000 - 0x00007ffa5cff9000 	C:\WINDOWS\SYSTEM32\WSOCK32.dll
0x00007ffa5b290000 - 0x00007ffa5b29a000 	C:\WINDOWS\SYSTEM32\VERSION.dll
0x00007ffa44780000 - 0x00007ffa447a7000 	C:\WINDOWS\SYSTEM32\WINMM.dll
0x00007ffa66a30000 - 0x00007ffa66a9b000 	C:\WINDOWS\System32\WS2_32.dll
0x00007ffa5cf20000 - 0x00007ffa5cf2f000 	C:\Program Files\Android\Android Studio\jre\jre\bin\verify.dll
0x00007ffa55db0000 - 0x00007ffa55dd9000 	C:\Program Files\Android\Android Studio\jre\jre\bin\java.dll
0x00007ffa5a980000 - 0x00007ffa5a996000 	C:\Program Files\Android\Android Studio\jre\jre\bin\zip.dll
0x00007ffa65ec0000 - 0x00007ffa66602000 	C:\WINDOWS\System32\SHELL32.dll
0x00007ffa62580000 - 0x00007ffa62d10000 	C:\WINDOWS\SYSTEM32\windows.storage.dll
0x00007ffa65590000 - 0x00007ffa658e5000 	C:\WINDOWS\System32\combase.dll
0x00007ffa64050000 - 0x00007ffa6407c000 	C:\WINDOWS\SYSTEM32\Wldp.dll
0x00007ffa66ff0000 - 0x00007ffa6709e000 	C:\WINDOWS\System32\SHCORE.dll
0x00007ffa65920000 - 0x00007ffa65975000 	C:\WINDOWS\System32\shlwapi.dll
0x00007ffa649d0000 - 0x00007ffa649ef000 	C:\WINDOWS\SYSTEM32\profapi.dll
0x00007ffa55d90000 - 0x00007ffa55daa000 	C:\Program Files\Android\Android Studio\jre\jre\bin\net.dll
0x00007ffa63b70000 - 0x00007ffa63bda000 	C:\WINDOWS\system32\mswsock.dll
0x00007ffa55d70000 - 0x00007ffa55d83000 	C:\Program Files\Android\Android Studio\jre\jre\bin\nio.dll
0x00007ffa52300000 - 0x00007ffa52327000 	C:\Users\Dell\.gradle\native\f6784746aeab05261644944871eae4fe03e0ef1612fff0a4a95f87b438bc6780\windows-amd64\native-platform.dll
0x00007ffa5c380000 - 0x00007ffa5c38d000 	C:\Program Files\Android\Android Studio\jre\jre\bin\management.dll
0x00007ffa64750000 - 0x00007ffa64768000 	C:\WINDOWS\SYSTEM32\CRYPTSP.dll
0x00007ffa634f0000 - 0x00007ffa63524000 	C:\WINDOWS\system32\rsaenh.dll
0x00007ffa65380000 - 0x00007ffa653a7000 	C:\WINDOWS\System32\bcrypt.dll
0x00007ffa64950000 - 0x00007ffa6497e000 	C:\WINDOWS\SYSTEM32\USERENV.dll
0x00007ffa64a90000 - 0x00007ffa64b10000 	C:\WINDOWS\System32\bcryptprimitives.dll
0x00007ffa63d20000 - 0x00007ffa63d2c000 	C:\WINDOWS\SYSTEM32\CRYPTBASE.dll
0x00007ffa63820000 - 0x00007ffa6385b000 	C:\WINDOWS\SYSTEM32\IPHLPAPI.DLL
0x00007ffa653b0000 - 0x00007ffa653b8000 	C:\WINDOWS\System32\NSI.dll
0x00007ffa593e0000 - 0x00007ffa593f7000 	C:\WINDOWS\SYSTEM32\dhcpcsvc6.DLL
0x00007ffa593c0000 - 0x00007ffa593dd000 	C:\WINDOWS\SYSTEM32\dhcpcsvc.DLL
0x00007ffa63860000 - 0x00007ffa6392b000 	C:\WINDOWS\SYSTEM32\DNSAPI.dll
0x00007ffa59400000 - 0x00007ffa5940b000 	C:\WINDOWS\SYSTEM32\WINNSI.DLL

VM Arguments:
jvm_args: -Xmx2048m -Dfile.encoding=UTF-8 -Duser.country=IN -Duser.language=en -Duser.variant 
java_command: org.gradle.launcher.daemon.bootstrap.GradleDaemon 6.5
java_class_path (initial): C:\Users\Dell\.gradle\wrapper\dists\gradle-6.5-bin\6nifqtx7604sqp1q6g8wikw7p\gradle-6.5\lib\gradle-launcher-6.5.jar
Launcher Type: SUN_STANDARD

Environment Variables:
PATH=C:\Program Files\Common Files\Oracle\Java\javapath;C:\Program Files (x86)\VMware\VMware Workstation\bin\;C:\ProgramData\Oracle\Java\javapath;C:\WINDOWS\system32;C:\WINDOWS;C:\WINDOWS\System32\Wbem;C:\WINDOWS\System32\WindowsPowerShell\v1.0\;C:\WINDOWS\System32\OpenSSH\;C:\Program Files (x86)\Intel\Intel(R) Management Engine Components\DAL;C:\Program Files\Intel\Intel(R) Management Engine Components\DAL;C:\Program Files (x86)\CodeBlocks\MinGW\bin;C:\Program Files\Microsoft SQL Server\Client SDK\ODBC\130\Tools\Binn\;C:\Program Files (x86)\Microsoft SQL Server\140\Tools\Binn\;C:\Program Files\Microsoft SQL Server\140\Tools\Binn\;C:\Program Files\Microsoft SQL Server\140\DTS\Binn\;C:\Program Files (x86)\Microsoft SQL Server\150\DTS\Binn\;C:\Program Files\MongoDB\Server\4.4\bin;C:\Program Files\Git\cmd;C:\Users\Dell\AppData\Local\Microsoft\WindowsApps;C:\Users\Dell\AppData\Local\atom\bin;C:\Users\Dell\AppData\Local\Microsoft\WindowsApps;C:\Users\Dell\AppData\Local\Programs\Microsoft VS Code\bin;C:\Program Files\Java\jre1.8.0_121\bin;E:\flutter\bin;
USERNAME=Dell
OS=Windows_NT
PROCESSOR_IDENTIFIER=Intel64 Family 6 Model 142 Stepping 12, GenuineIntel



---------------  S Y S T E M  ---------------

OS: Windows 10.0 , 64 bit Build 19041 (10.0.19041.804)

CPU:total 8 (initial active 8) (4 cores per cpu, 2 threads per core) family 6 model 142 stepping 12, cmov, cx8, fxsr, mmx, sse, sse2, sse3, ssse3, sse4.1, sse4.2, popcnt, avx, avx2, aes, clmul, erms, 3dnowpref, lzcnt, ht, tsc, tscinvbit, bmi1, bmi2, adx

Memory: 4k page, physical 8262228k(1386928k free), swap 17478228k(152k free)

vm_info: OpenJDK 64-Bit Server VM (25.242-b01) for windows-amd64 JRE (1.8.0_242-release-1644-b01), built by "builder" with MS VC++ 10.0 (VS2010)

time: Sat Apr 24 21:12:18 2021
timezone: India Standard Time
elapsed time: 31 seconds (0d 0h 0m 31s)

