JvmtiExport can_access_local_variables 0
JvmtiExport can_hotswap_or_post_breakpoint 0
JvmtiExport can_post_on_exceptions 0
# 693 ciObject found
ciMethod java/lang/Object <init> ()V 4097 1 4148280 0 0
ciMethod java/lang/Object getClass ()Ljava/lang/Class; 2049 1 256 0 -1
ciMethod java/lang/Object hashCode ()I 2049 1 256 0 -1
ciMethod java/lang/Object equals (Ljava/lang/Object;)Z 4097 1 105872 0 64
ciMethod java/lang/Object clone ()Ljava/lang/Object; 2049 1 256 0 -1
ciMethod java/lang/String equals (Ljava/lang/Object;)Z 2241 12089 2465 0 -1
ciMethod java/lang/String hashCode ()I 2713 32769 1435 0 288
ciMethod java/lang/String format (Ljava/lang/String;[Ljava/lang/Object;)Ljava/lang/String; 17 1 245 0 -1
ciMethod java/lang/Class isInstance (Ljava/lang/Object;)Z 2049 1 256 0 -1
ciMethod java/lang/Class isAssignableFrom (Ljava/lang/Class;)Z 2049 1 256 0 -1
ciMethod java/lang/Class isPrimitive ()Z 2049 1 256 0 -1
ciMethod java/lang/Class getName ()Ljava/lang/String; 2129 1 78636 0 -1
ciMethod java/lang/Class getModifiers ()I 2057 1 257 0 -1
ciMethod java/lang/ref/Reference get ()Ljava/lang/Object; 1041 1 130 0 -1
ciMethod java/lang/ref/Reference <init> (Ljava/lang/Object;)V 2409 1 49007 0 -1
ciMethod java/lang/ref/SoftReference <init> (Ljava/lang/Object;)V 2089 1 12081 0 0
ciMethod java/lang/ref/SoftReference get ()Ljava/lang/Object; 2049 1 53848 0 -1
ciMethod java/lang/Thread currentThread ()Ljava/lang/Thread; 2049 1 256 0 -1
ciMethod java/util/Map get (Ljava/lang/Object;)Ljava/lang/Object; 0 0 1 0 -1
ciMethod java/util/Map put (Ljava/lang/Object;Ljava/lang/Object;)Ljava/lang/Object; 0 0 1 0 -1
ciMethod java/lang/reflect/AccessibleObject checkAccess (Ljava/lang/Class;Ljava/lang/Class;Ljava/lang/Object;I)V 57 1 74 0 0
ciMethod java/lang/reflect/AccessibleObject slowCheckMemberAccess (Ljava/lang/Class;Ljava/lang/Class;Ljava/lang/Object;ILjava/lang/Class;)V 129 1 16 0 -1
ciMethod java/lang/reflect/Constructor getDeclaringClass ()Ljava/lang/Class; 1049 1 131 0 -1
ciMethod java/lang/reflect/Constructor getModifiers ()I 1041 1 130 0 -1
ciMethod java/lang/reflect/Constructor getParameterTypes ()[Ljava/lang/Class; 2049 1 32204 0 256
ciMethod java/lang/reflect/Constructor getExceptionTypes ()[Ljava/lang/Class; 585 1 427 0 -1
ciMethod java/lang/reflect/Constructor newInstance ([Ljava/lang/Object;)Ljava/lang/Object; 3081 1 6588 0 608
ciMethod java/lang/reflect/Constructor acquireConstructorAccessor ()Lsun/reflect/ConstructorAccessor; 1865 1 883 0 0
ciMethod java/lang/reflect/Constructor getConstructorAccessor ()Lsun/reflect/ConstructorAccessor; 1025 1 128 0 0
ciMethod java/lang/reflect/Constructor setConstructorAccessor (Lsun/reflect/ConstructorAccessor;)V 2057 1 1840 0 0
ciMethod sun/reflect/MagicAccessorImpl <init> ()V 2057 1 5707 0 -1
ciMethod sun/reflect/ConstructorAccessor newInstance ([Ljava/lang/Object;)Ljava/lang/Object; 0 0 1 0 -1
ciMethod sun/reflect/ConstructorAccessorImpl <init> ()V 2049 1 3219 0 -1
ciMethod sun/reflect/ConstructorAccessorImpl newInstance ([Ljava/lang/Object;)Ljava/lang/Object; 0 0 1 0 -1
ciMethod java/lang/StringBuilder <init> ()V 953 1 169692 0 -1
ciMethod java/lang/StringBuilder append (Ljava/lang/String;)Ljava/lang/StringBuilder; 2089 1 364310 0 -1
ciMethod java/lang/StringBuilder toString ()Ljava/lang/String; 1033 1 176887 0 -1
ciMethod sun/misc/Unsafe getObjectVolatile (Ljava/lang/Object;J)Ljava/lang/Object; 2049 1 256 0 -1
ciMethod java/lang/Integer rotateLeft (II)I 4097 1 131564 0 0
ciMethod java/util/List size ()I 0 0 1 0 -1
ciMethod java/util/List isEmpty ()Z 0 0 1 0 -1
ciMethod java/util/List iterator ()Ljava/util/Iterator; 0 0 1 0 -1
ciMethod java/util/List get (I)Ljava/lang/Object; 0 0 1 0 -1
ciMethod java/util/AbstractCollection <init> ()V 2113 1 548960 0 32
ciMethod java/util/AbstractCollection size ()I 0 0 1 0 -1
ciMethod java/util/AbstractCollection isEmpty ()Z 2065 1 49292 0 64
ciMethod sun/reflect/ReflectionFactory newConstructorAccessor (Ljava/lang/reflect/Constructor;)Lsun/reflect/ConstructorAccessor; 2049 1 1681 0 0
ciMethod sun/reflect/ReflectionFactory checkInitted ()V 2057 1 3090 0 -1
ciMethod java/util/ArrayList isEmpty ()Z 2049 1 5599 0 64
ciMethod java/util/ArrayList iterator ()Ljava/util/Iterator; 3081 1 8065 0 160
ciMethod java/util/ArrayList access$000 (Ljava/util/ArrayList;)I 1145 1 143 0 0
ciMethod sun/reflect/Reflection getCallerClass ()Ljava/lang/Class; 3073 1 384 0 -1
ciMethod sun/reflect/Reflection getClassAccessFlags (Ljava/lang/Class;)I 2049 1 256 0 -1
ciMethod sun/reflect/Reflection quickCheckMemberAccess (Ljava/lang/Class;I)Z 1001 1 5025 0 0
ciMethod sun/reflect/Reflection ensureMemberAccess (Ljava/lang/Class;Ljava/lang/Class;Ljava/lang/Object;I)V 209 1 26 0 -1
ciMethod sun/reflect/Reflection verifyMemberAccess (Ljava/lang/Class;Ljava/lang/Class;Ljava/lang/Object;I)Z 209 1 26 0 -1
ciMethod sun/reflect/Reflection isSubclassOf (Ljava/lang/Class;Ljava/lang/Class;)Z 2049 6433 1689 0 -1
ciMethod java/util/HashMap hash (Ljava/lang/Object;)I 2153 1 114273 0 160
ciMethod java/util/HashMap get (Ljava/lang/Object;)Ljava/lang/Object; 3073 1 19509 0 672
ciMethod java/util/HashMap getNode (ILjava/lang/Object;)Ljava/util/HashMap$Node; 2161 1 25033 0 448
ciMethod java/util/HashMap put (Ljava/lang/Object;Ljava/lang/Object;)Ljava/lang/Object; 905 1 25172 0 1248
ciMethod java/util/HashMap putVal (ILjava/lang/Object;Ljava/lang/Object;ZZ)Ljava/lang/Object; 961 9 20415 0 0
ciMethod java/util/HashMap resize ()[Ljava/util/HashMap$Node; 729 529 5146 0 -1
ciMethod java/util/HashMap treeifyBin ([Ljava/util/HashMap$Node;I)V 1 1 13 0 -1
ciMethod java/util/HashMap newNode (ILjava/lang/Object;Ljava/lang/Object;Ljava/util/HashMap$Node;)Ljava/util/HashMap$Node; 3113 1 5667 0 -1
ciMethod java/util/HashMap afterNodeAccess (Ljava/util/HashMap$Node;)V 2049 1 1286 0 -1
ciMethod java/util/HashMap afterNodeInsertion (Z)V 3113 1 1422 0 -1
ciMethod java/util/Objects equals (Ljava/lang/Object;Ljava/lang/Object;)Z 2425 1 21238 0 -1
ciMethod java/util/Iterator hasNext ()Z 0 0 1 0 -1
ciMethod java/util/Iterator next ()Ljava/lang/Object; 0 0 1 0 -1
ciMethod java/lang/reflect/Modifier isPublic (I)Z 329 1 31302 0 32
ciMethod java/lang/reflect/Modifier isProtected (I)Z 2057 1 8182 0 -1
ciMethod java/lang/reflect/Modifier isAbstract (I)Z 2249 1 44696 0 -1
ciMethod java/lang/reflect/Modifier toString (I)Ljava/lang/String; 3193 1 7581 0 -1
ciMethod sun/reflect/misc/ReflectUtil isVMAnonymousClass (Ljava/lang/Class;)Z 1433 1 1681 0 -1
ciMethod java/lang/ThreadLocal initialValue ()Ljava/lang/Object; 1025 1 128 0 0
ciMethod java/lang/ThreadLocal get ()Ljava/lang/Object; 2353 1 9704 0 1504
ciMethod java/lang/ThreadLocal setInitialValue ()Ljava/lang/Object; 17 1 498 0 0
ciMethod java/lang/ThreadLocal set (Ljava/lang/Object;)V 41 1 41479 0 1056
ciMethod java/lang/ThreadLocal getMap (Ljava/lang/Thread;)Ljava/lang/ThreadLocal$ThreadLocalMap; 2153 1 27266 0 0
ciMethod java/lang/ThreadLocal createMap (Ljava/lang/Thread;Ljava/lang/Object;)V 9 1 142 0 0
ciMethod java/lang/ThreadLocal access$400 (Ljava/lang/ThreadLocal;)I 1201 1 150 0 -1
ciMethod sun/reflect/NativeConstructorAccessorImpl <init> (Ljava/lang/reflect/Constructor;)V 1817 1 1546 0 -1
ciMethod sun/reflect/NativeConstructorAccessorImpl setParent (Lsun/reflect/DelegatingConstructorAccessorImpl;)V 1817 1 1553 0 -1
ciMethod sun/reflect/DelegatingConstructorAccessorImpl <init> (Lsun/reflect/ConstructorAccessorImpl;)V 1817 1 1542 0 -1
ciMethod sun/reflect/DelegatingConstructorAccessorImpl newInstance ([Ljava/lang/Object;)Ljava/lang/Object; 2057 1 6466 0 64
ciMethod java/lang/Enum name ()Ljava/lang/String; 1777 1 222 0 -1
ciMethodData java/lang/Object <init> ()V 2 4148302 orig 264 88 29 171 113 0 0 0 0 128 4 211 22 0 0 0 0 32 1 0 0 0 0 0 0 0 0 0 0 0 0 0 0 0 0 0 0 0 0 0 0 0 0 0 0 0 0 0 0 0 0 0 0 0 0 0 0 0 0 0 0 0 0 0 0 0 0 0 0 0 0 0 0 0 0 0 0 0 0 0 0 77 68 79 32 101 120 116 114 97 32 100 97 116 97 32 108 111 99 107 0 0 0 0 0 0 0 0 0 0 0 0 0 0 0 0 0 0 0 0 0 0 0 0 0 0 0 0 0 0 0 0 0 0 0 0 0 0 0 0 0 0 0 0 0 0 0 0 0 0 0 0 0 0 0 0 0 0 0 0 0 0 0 0 0 0 0 0 0 0 0 0 0 0 0 0 0 0 0 0 0 0 0 0 0 1 0 0 0 0 0 0 0 1 0 0 0 0 0 0 0 1 0 0 0 0 0 0 0 0 0 0 0 0 0 0 0 0 2 0 0 105 82 250 1 1 0 0 0 0 0 0 0 0 0 0 0 2 0 0 0 0 0 3 0 1 0 0 0 0 0 0 0 255 255 255 255 0 0 0 0 0 0 0 0 data 0 oops 0
ciMethod java/lang/IllegalArgumentException <init> (Ljava/lang/String;)V 0 0 6 0 -1
ciMethod java/lang/reflect/Array newInstance (Ljava/lang/Class;I)Ljava/lang/Object; 2425 1 19695 0 0
ciMethod java/lang/reflect/Array newArray (Ljava/lang/Class;I)Ljava/lang/Object; 3081 1 385 0 -1
ciMethod java/util/concurrent/ConcurrentHashMap spread (I)I 3113 1 104334 0 0
ciMethod java/util/concurrent/ConcurrentHashMap tabAt ([Ljava/util/concurrent/ConcurrentHashMap$Node;I)Ljava/util/concurrent/ConcurrentHashMap$Node; 3241 1 220155 0 64
ciMethod java/util/concurrent/ConcurrentHashMap casTabAt ([Ljava/util/concurrent/ConcurrentHashMap$Node;ILjava/util/concurrent/ConcurrentHashMap$Node;Ljava/util/concurrent/ConcurrentHashMap$Node;)Z 1793 1 27413 0 -1
ciMethod java/util/concurrent/ConcurrentHashMap get (Ljava/lang/Object;)Ljava/lang/Object; 2097 217 5406 0 640
ciMethod java/util/concurrent/ConcurrentHashMap put (Ljava/lang/Object;Ljava/lang/Object;)Ljava/lang/Object; 2113 1 7399 0 64
ciMethod java/util/concurrent/ConcurrentHashMap putVal (Ljava/lang/Object;Ljava/lang/Object;Z)Ljava/lang/Object; 19329 1777 32140 0 -1
ciMethod java/util/concurrent/ConcurrentHashMap initTable ()[Ljava/util/concurrent/ConcurrentHashMap$Node; 57 1 1637 0 -1
ciMethod java/util/concurrent/ConcurrentHashMap addCount (JI)V 1609 57 17716 0 -1
ciMethod java/util/concurrent/ConcurrentHashMap helpTransfer ([Ljava/util/concurrent/ConcurrentHashMap$Node;Ljava/util/concurrent/ConcurrentHashMap$Node;)[Ljava/util/concurrent/ConcurrentHashMap$Node; 0 0 1 0 -1
ciMethod java/util/concurrent/ConcurrentHashMap treeifyBin ([Ljava/util/concurrent/ConcurrentHashMap$Node;I)V 1 1 1 0 -1
ciMethod java/util/concurrent/ConcurrentHashMap$Node <init> (ILjava/lang/Object;Ljava/lang/Object;Ljava/util/concurrent/ConcurrentHashMap$Node;)V 1841 1 52300 0 -1
ciMethod java/util/concurrent/ConcurrentHashMap$Node find (ILjava/lang/Object;)Ljava/util/concurrent/ConcurrentHashMap$Node; 0 0 1 0 -1
ciMethod java/util/HashMap$TreeNode root ()Ljava/util/HashMap$TreeNode; 0 0 1 0 -1
ciMethod java/util/HashMap$TreeNode find (ILjava/lang/Object;Ljava/lang/Class;)Ljava/util/HashMap$TreeNode; 89 25 451 0 -1
ciMethod java/util/HashMap$TreeNode getTreeNode (ILjava/lang/Object;)Ljava/util/HashMap$TreeNode; 33 1 107 0 0
ciMethod java/util/HashMap$TreeNode putTreeVal (Ljava/util/HashMap;[Ljava/util/HashMap$Node;ILjava/lang/Object;Ljava/lang/Object;)Ljava/util/HashMap$TreeNode; 81 209 18 0 -1
ciMethodData java/lang/String hashCode ()I 2 19449 orig 264 88 29 171 113 0 0 0 0 0 80 211 22 0 0 0 0 152 1 0 0 32 0 0 0 0 0 0 0 0 0 0 0 0 0 0 0 0 0 0 0 0 0 0 0 0 0 0 0 0 0 0 0 0 0 0 0 0 0 0 0 0 0 0 0 0 0 0 0 0 0 0 0 0 0 0 0 0 0 0 0 77 68 79 32 101 120 116 114 97 32 100 97 116 97 32 108 111 99 107 0 0 0 0 0 0 0 0 0 0 0 0 0 0 0 0 0 0 0 0 0 0 0 0 0 0 0 0 0 0 0 0 0 0 0 0 0 0 0 0 0 0 0 0 0 0 0 0 0 0 0 0 0 0 0 0 0 0 0 0 0 0 0 0 0 0 0 0 0 0 0 0 0 0 0 0 0 0 0 0 0 0 0 0 0 1 0 0 0 0 0 0 0 0 0 0 0 0 0 0 0 1 0 0 0 0 0 0 0 0 0 0 0 0 0 0 0 0 16 0 0 65 34 0 0 201 223 1 0 0 0 0 0 0 0 0 0 2 0 0 0 1 0 11 0 2 0 0 0 120 0 0 0 255 255 255 255 7 0 6 0 0 0 0 0 data 15 0x60007 0x25a 0x78 0x1ee 0xe0007 0x5 0x58 0x1e9 0x1e0007 0x1e9 0x38 0x3be6 0x2d0003 0x3be6 0xffffffffffffffe0 oops 0
ciMethod java/lang/ThreadLocal$ThreadLocalMap nextIndex (II)I 2097 1 6941 0 -1
ciMethod java/lang/ThreadLocal$ThreadLocalMap <init> (Ljava/lang/ThreadLocal;Ljava/lang/Object;)V 9 1 143 0 -1
ciMethod java/lang/ThreadLocal$ThreadLocalMap getEntry (Ljava/lang/ThreadLocal;)Ljava/lang/ThreadLocal$ThreadLocalMap$Entry; 3073 1 5564 0 352
ciMethod java/lang/ThreadLocal$ThreadLocalMap getEntryAfterMiss (Ljava/lang/ThreadLocal;ILjava/lang/ThreadLocal$ThreadLocalMap$Entry;)Ljava/lang/ThreadLocal$ThreadLocalMap$Entry; 9 1 584 0 -1
ciMethod java/lang/ThreadLocal$ThreadLocalMap set (Ljava/lang/ThreadLocal;Ljava/lang/Object;)V 49 1 5193 0 928
ciMethod java/lang/ThreadLocal$ThreadLocalMap replaceStaleEntry (Ljava/lang/ThreadLocal;Ljava/lang/Object;I)V 0 0 1 0 -1
ciMethod java/lang/ThreadLocal$ThreadLocalMap expungeStaleEntry (I)I 825 1945 2215 0 -1
ciMethod java/lang/ThreadLocal$ThreadLocalMap cleanSomeSlots (II)Z 737 2041 617 0 -1
ciMethod java/lang/ThreadLocal$ThreadLocalMap rehash ()V 17 1 18 0 -1
ciMethod java/lang/ThreadLocal$ThreadLocalMap access$000 (Ljava/lang/ThreadLocal$ThreadLocalMap;Ljava/lang/ThreadLocal;)Ljava/lang/ThreadLocal$ThreadLocalMap$Entry; 3073 1 9703 0 0
ciMethod java/lang/ThreadLocal$ThreadLocalMap access$100 (Ljava/lang/ThreadLocal$ThreadLocalMap;Ljava/lang/ThreadLocal;Ljava/lang/Object;)V 49 1 41865 0 0
ciMethod java/lang/ThreadLocal$ThreadLocalMap$Entry <init> (Ljava/lang/ThreadLocal;Ljava/lang/Object;)V 889 1 760 0 -1
ciMethodData java/util/HashMap hash (Ljava/lang/Object;)I 2 114273 orig 264 88 29 171 113 0 0 0 0 240 165 225 22 0 0 0 0 176 1 0 0 0 0 0 0 0 0 0 0 0 0 0 0 0 0 0 0 0 0 0 0 0 0 0 0 0 0 0 0 0 0 0 0 0 0 0 0 0 0 0 0 0 0 0 0 0 0 0 0 0 0 0 0 0 0 0 0 0 0 0 0 77 68 79 32 101 120 116 114 97 32 100 97 116 97 32 108 111 99 107 0 0 0 0 0 0 0 0 0 0 0 0 0 0 0 0 0 0 0 0 0 0 0 0 0 0 0 0 0 0 0 0 0 0 0 0 0 0 0 0 0 0 0 0 0 1 0 0 0 0 0 0 0 0 0 0 0 0 0 0 0 0 0 0 0 0 0 0 0 0 0 0 0 0 0 0 0 0 0 0 2 0 0 0 0 17 0 0 0 0 0 0 0 0 0 0 0 0 0 0 0 0 0 0 0 0 0 0 0 0 0 0 0 0 0 0 0 13 1 0 0 161 234 13 0 1 0 0 0 142 213 0 0 0 0 0 0 2 0 0 0 0 0 6 0 2 0 0 0 104 0 0 0 255 255 255 255 7 224 1 0 0 0 0 0 data 13 0x1e007 0x1bcbd 0x38 0x98 0x50003 0x98 0x48 0x90005 0xee63 0x25baba0 0x9c9e 0x25bac30 0x3145 oops 2